<?xml version="1.0" encoding="UTF-8"?>
<testsuite xmlns:xsi="http://www.w3.org/2001/XMLSchema-instance" xsi:noNamespaceSchemaLocation="https://maven.apache.org/surefire/maven-surefire-plugin/xsd/surefire-test-report-3.0.xsd" version="3.0" name="it.milkman.challenge.mapper.ChallengeMappersTests" time="6.653" tests="6" errors="0" skipped="0" failures="0">
  <properties>
[...]
</properties>
  <testcase name="verifyCoordinatesMapper" classname="it.milkman.challenge.mapper.ChallengeMappersTests" time="0.569">
    <system-out><![CDATA[
  .   ____          _            __ _ _
 /\\ / ___'_ __ _ _(_)_ __  __ _ \ \ \ \
( ( )\___ | '_ | '_| | '_ \/ _` | \ \ \ \
 \\/  ___)| |_)| | | | | || (_| |  ) ) ) )
  '  |____| .__|_| |_|_| |_\__, | / / / /
 =========|_|==============|___/=/_/_/_/
 :: Spring Boot ::                (v3.1.3)

2023-09-17T15:59:21.906+02:00  INFO 9324 --- [           main] i.m.c.mapper.ChallengeMappersTests       : Starting ChallengeMappersTests using Java 17.0.8 with PID 9324 (started by matte in E:\Repository\projects\challenge\challenge-server)
2023-09-17T15:59:21.910+02:00  INFO 9324 --- [           main] i.m.c.mapper.ChallengeMappersTests       : The following 1 profile is active: "h2"
2023-09-17T15:59:22.630+02:00  INFO 9324 --- [           main] .s.d.r.c.RepositoryConfigurationDelegate : Bootstrapping Spring Data JPA repositories in DEFAULT mode.
2023-09-17T15:59:22.723+02:00  INFO 9324 --- [           main] .s.d.r.c.RepositoryConfigurationDelegate : Finished Spring Data repository scanning in 82 ms. Found 4 JPA repository interfaces.
2023-09-17T15:59:23.538+02:00  INFO 9324 --- [           main] o.hibernate.jpa.internal.util.LogHelper  : HHH000204: Processing PersistenceUnitInfo [name: default]
2023-09-17T15:59:23.604+02:00  INFO 9324 --- [           main] org.hibernate.Version                    : HHH000412: Hibernate ORM core version 6.2.7.Final
2023-09-17T15:59:23.608+02:00  INFO 9324 --- [           main] org.hibernate.cfg.Environment            : HHH000406: Using bytecode reflection optimizer
2023-09-17T15:59:23.824+02:00  INFO 9324 --- [           main] o.h.b.i.BytecodeProviderInitiator        : HHH000021: Bytecode provider name : bytebuddy
2023-09-17T15:59:23.986+02:00  INFO 9324 --- [           main] o.s.o.j.p.SpringPersistenceUnitInfo      : No LoadTimeWeaver setup: ignoring JPA class transformer
2023-09-17T15:59:24.006+02:00  INFO 9324 --- [           main] com.zaxxer.hikari.HikariDataSource       : HikariPool-1 - Starting...
2023-09-17T15:59:24.197+02:00  INFO 9324 --- [           main] com.zaxxer.hikari.pool.HikariPool        : HikariPool-1 - Added connection conn0: url=jdbc:h2:mem:challenge user=SA
2023-09-17T15:59:24.199+02:00  INFO 9324 --- [           main] com.zaxxer.hikari.HikariDataSource       : HikariPool-1 - Start completed.
2023-09-17T15:59:24.482+02:00  INFO 9324 --- [           main] o.h.b.i.BytecodeProviderInitiator        : HHH000021: Bytecode provider name : bytebuddy
2023-09-17T15:59:25.258+02:00  INFO 9324 --- [           main] o.h.e.t.j.p.i.JtaPlatformInitiator       : HHH000490: Using JtaPlatform implementation: [org.hibernate.engine.transaction.jta.platform.internal.NoJtaPlatform]
2023-09-17T15:59:25.336+02:00  INFO 9324 --- [           main] j.LocalContainerEntityManagerFactoryBean : Initialized JPA EntityManagerFactory for persistence unit 'default'
2023-09-17T15:59:25.679+02:00  INFO 9324 --- [           main] o.s.d.j.r.query.QueryEnhancerFactory     : Hibernate is in classpath; If applicable, HQL parser will be used.
2023-09-17T15:59:26.996+02:00  WARN 9324 --- [           main] .s.s.UserDetailsServiceAutoConfiguration : 

Using generated security password: 386a5182-ecd8-484c-97d6-585557ce1256

This generated password is for development use only. Your security configuration must be updated before running your application in production.

2023-09-17T15:59:27.147+02:00  INFO 9324 --- [           main] o.s.s.web.DefaultSecurityFilterChain     : Will secure any request with [org.springframework.security.web.session.DisableEncodeUrlFilter@119d21ce, org.springframework.security.web.context.request.async.WebAsyncManagerIntegrationFilter@32fa956b, org.springframework.security.web.context.SecurityContextHolderFilter@4cf66f73, org.springframework.security.web.header.HeaderWriterFilter@188ccb6c, org.springframework.security.web.csrf.CsrfFilter@5d796665, org.springframework.security.web.authentication.logout.LogoutFilter@50d8b30, org.springframework.security.web.authentication.UsernamePasswordAuthenticationFilter@40d73518, org.springframework.security.web.authentication.ui.DefaultLoginPageGeneratingFilter@f243d5c, org.springframework.security.web.authentication.ui.DefaultLogoutPageGeneratingFilter@667713c4, org.springframework.security.web.authentication.www.BasicAuthenticationFilter@19574274, org.springframework.security.web.savedrequest.RequestCacheAwareFilter@4fecdf0b, org.springframework.security.web.servletapi.SecurityContextHolderAwareRequestFilter@50c8a382, org.springframework.security.web.authentication.AnonymousAuthenticationFilter@6f67312d, org.springframework.security.web.access.ExceptionTranslationFilter@4fbebd8e, org.springframework.security.web.access.intercept.AuthorizationFilter@7e17e827]
2023-09-17T15:59:27.210+02:00  INFO 9324 --- [           main] i.m.c.mapper.ChallengeMappersTests       : Started ChallengeMappersTests in 5.615 seconds (process running for 6.624)
]]></system-out>
  </testcase>
  <testcase name="verifySupplierMapper" classname="it.milkman.challenge.mapper.ChallengeMappersTests" time="0.007"/>
  <testcase name="verifyDepotMapper" classname="it.milkman.challenge.mapper.ChallengeMappersTests" time="0.01"/>
  <testcase name="verifyPackageMapper" classname="it.milkman.challenge.mapper.ChallengeMappersTests" time="0.008"/>
  <testcase name="verifyOrderMapper" classname="it.milkman.challenge.mapper.ChallengeMappersTests" time="0.011"/>
  <testcase name="verifyAddressMapper" classname="it.milkman.challenge.mapper.ChallengeMappersTests" time="0.003"/>
</testsuite>