<?xml version="1.0" encoding="UTF-8"?>
<testsuite xmlns:xsi="http://www.w3.org/2001/XMLSchema-instance" xsi:noNamespaceSchemaLocation="https://maven.apache.org/surefire/maven-surefire-plugin/xsd/surefire-test-report-3.0.xsd" version="3.0" name="it.milkman.chellenge.server.ChallengeServerApplicationTests" time="5.545" tests="1" errors="0" skipped="0" failures="0">
  <properties>
[...]
</properties>
  <testcase name="contextLoads" classname="it.milkman.chellenge.server.ChallengeServerApplicationTests" time="0.671">
    <system-out><![CDATA[
  .   ____          _            __ _ _
 /\\ / ___'_ __ _ _(_)_ __  __ _ \ \ \ \
( ( )\___ | '_ | '_| | '_ \/ _` | \ \ \ \
 \\/  ___)| |_)| | | | | || (_| |  ) ) ) )
  '  |____| .__|_| |_|_| |_\__, | / / / /
 =========|_|==============|___/=/_/_/_/
 :: Spring Boot ::                (v3.1.3)

2023-09-10T17:16:25.030+02:00  INFO 19768 --- [           main] i.m.c.s.ChallengeServerApplicationTests  : Starting ChallengeServerApplicationTests using Java 17.0.8 with PID 19768 (started by matte in E:\Repository\projects\challenge\challenge-server)
2023-09-10T17:16:25.034+02:00  INFO 19768 --- [           main] i.m.c.s.ChallengeServerApplicationTests  : No active profile set, falling back to 1 default profile: "default"
2023-09-10T17:16:25.581+02:00  INFO 19768 --- [           main] .s.d.r.c.RepositoryConfigurationDelegate : Bootstrapping Spring Data JPA repositories in DEFAULT mode.
2023-09-10T17:16:25.738+02:00  INFO 19768 --- [           main] .s.d.r.c.RepositoryConfigurationDelegate : Finished Spring Data repository scanning in 147 ms. Found 2 JPA repository interfaces.
2023-09-10T17:16:26.392+02:00  INFO 19768 --- [           main] o.hibernate.jpa.internal.util.LogHelper  : HHH000204: Processing PersistenceUnitInfo [name: default]
2023-09-10T17:16:26.454+02:00  INFO 19768 --- [           main] org.hibernate.Version                    : HHH000412: Hibernate ORM core version 6.2.7.Final
2023-09-10T17:16:26.457+02:00  INFO 19768 --- [           main] org.hibernate.cfg.Environment            : HHH000406: Using bytecode reflection optimizer
2023-09-10T17:16:26.666+02:00  INFO 19768 --- [           main] o.h.b.i.BytecodeProviderInitiator        : HHH000021: Bytecode provider name : bytebuddy
2023-09-10T17:16:26.812+02:00  INFO 19768 --- [           main] o.s.o.j.p.SpringPersistenceUnitInfo      : No LoadTimeWeaver setup: ignoring JPA class transformer
2023-09-10T17:16:26.832+02:00  INFO 19768 --- [           main] com.zaxxer.hikari.HikariDataSource       : HikariPool-1 - Starting...
2023-09-10T17:16:27.072+02:00  INFO 19768 --- [           main] com.zaxxer.hikari.pool.HikariPool        : HikariPool-1 - Added connection org.postgresql.jdbc.PgConnection@53cddaf8
2023-09-10T17:16:27.075+02:00  INFO 19768 --- [           main] com.zaxxer.hikari.HikariDataSource       : HikariPool-1 - Start completed.
2023-09-10T17:16:27.404+02:00  INFO 19768 --- [           main] o.h.b.i.BytecodeProviderInitiator        : HHH000021: Bytecode provider name : bytebuddy
2023-09-10T17:16:27.970+02:00  INFO 19768 --- [           main] o.h.m.i.EntityInstantiatorPojoStandard   : HHH000182: No default (no-argument) constructor for class: it.milkman.challenge.dao.Order (class must be instantiated by Interceptor)
2023-09-10T17:16:28.130+02:00  INFO 19768 --- [           main] o.h.e.t.j.p.i.JtaPlatformInitiator       : HHH000490: Using JtaPlatform implementation: [org.hibernate.engine.transaction.jta.platform.internal.NoJtaPlatform]
2023-09-10T17:16:28.221+02:00  INFO 19768 --- [           main] j.LocalContainerEntityManagerFactoryBean : Initialized JPA EntityManagerFactory for persistence unit 'default'
2023-09-10T17:16:28.928+02:00  INFO 19768 --- [           main] ctiveUserDetailsServiceAutoConfiguration : 

Using generated security password: 46b3db23-1d74-4c1b-9313-baba5a24d24e

2023-09-10T17:16:29.154+02:00  INFO 19768 --- [           main] i.m.c.s.ChallengeServerApplicationTests  : Started ChallengeServerApplicationTests in 4.439 seconds (process running for 5.496)
]]></system-out>
  </testcase>
</testsuite>